<?xml version="1.0" encoding="UTF-8"?>
<!-- Generated by org.testng.reporters.JUnitReportReporter -->
<testsuite hostname="Govardhan-PC" name="com.gktech.sellcars.SearchCar" tests="2" failures="2" timestamp="10 Mar 2016 03:12:44 GMT" time="0.000" errors="0">
  <testcase name="searchCar" time="0.000" classname="com.gktech.sellcars.SearchCar"/>
  <testcase name="searchCar" time="0.000" classname="com.gktech.sellcars.SearchCar"/>
</testsuite> <!-- com.gktech.sellcars.SearchCar -->
